build/app/intermediates/manifest_merge_blame_file/debug/manifest-merger-blame-debug-report.txt
1<?xml version="1.0" encoding="utf-8"?>
2<manifest xmlns:android="http://schemas.android.com/apk/res/android"
3    package="com.example.mall_plus_new_customer_app"
4    android:versionCode="1"
5    android:versionName="1.0.0" >
6
7    <uses-sdk
8        android:minSdkVersion="21"
9        android:targetSdkVersion="34" />
10    <!--
11         The INTERNET permission is required for development. Specifically,
12         the Flutter tool needs it to communicate with the running application
13         to allow setting breakpoints, to provide hot reload, etc.
14    -->
15    <uses-permission android:name="android.permission.INTERNET" />
15-->src/debug/AndroidManifest.xml:6:5-66
15-->src/debug/AndroidManifest.xml:6:22-64
16    <uses-permission android:name="android.permission.ACCESS_FINE_LOCATION" />
16-->src/main/AndroidManifest.xml:2:1-75
16-->src/main/AndroidManifest.xml:2:18-72
17    <uses-permission android:name="android.permission.ACCESS_COARSE_LOCATION" />
17-->src/main/AndroidManifest.xml:3:1-77
17-->src/main/AndroidManifest.xml:3:18-74
18    <uses-permission android:name="android.permission.ACCESS_BACKGROUND_LOCATION" />
18-->src/main/AndroidManifest.xml:4:1-81
18-->src/main/AndroidManifest.xml:4:18-78
19
20    <queries>
20-->src/main/AndroidManifest.xml:45:5-57:19
21
22        <!-- If your app checks for call support -->
23        <intent>
23-->src/main/AndroidManifest.xml:48:9-51:18
24            <action android:name="android.intent.action.VIEW" />
24-->src/main/AndroidManifest.xml:49:13-65
24-->src/main/AndroidManifest.xml:49:21-62
25
26            <data android:scheme="tel" />
26-->src/main/AndroidManifest.xml:50:13-42
26-->src/main/AndroidManifest.xml:50:19-39
27        </intent>
28        <!-- If your application checks for mail launch mode support -->
29        <intent>
29-->src/main/AndroidManifest.xml:53:9-56:18
30            <action android:name="android.intent.action.VIEW" />
30-->src/main/AndroidManifest.xml:49:13-65
30-->src/main/AndroidManifest.xml:49:21-62
31
32            <data android:scheme="mailto" />
32-->src/main/AndroidManifest.xml:50:13-42
32-->src/main/AndroidManifest.xml:50:19-39
33        </intent>
34        <!-- Needs to be explicitly declared on Android R+ -->
35        <package android:name="com.google.android.apps.maps" /> <!-- 生产包 -->
35-->[com.google.android.gms:play-services-maps:18.2.0] AndroidManifest.xml:33:9-64
35-->[com.google.android.gms:play-services-maps:18.2.0] AndroidManifest.xml:33:18-61
36        <package android:name="com.kbzbank.kpaycustomer" /> <!-- UAT包 -->
36-->[:kbzsdk_1.1.0:] AndroidManifest.xml:16:9-60
36-->[:kbzsdk_1.1.0:] AndroidManifest.xml:16:18-57
37        <package android:name="com.kbzbank.kpaycustomer.uat" />
37-->[:kbzsdk_1.1.0:] AndroidManifest.xml:18:9-64
37-->[:kbzsdk_1.1.0:] AndroidManifest.xml:18:18-61
38    </queries>
39
40    <uses-permission android:name="android.permission.WAKE_LOCK" />
40-->[:firebase_messaging] AndroidManifest.xml:10:5-68
40-->[:firebase_messaging] AndroidManifest.xml:10:22-65
41    <uses-permission android:name="android.permission.ACCESS_NETWORK_STATE" /> <!-- Permissions options for the `notification` group -->
41-->[:firebase_messaging] AndroidManifest.xml:11:5-79
41-->[:firebase_messaging] AndroidManifest.xml:11:22-76
42    <uses-permission android:name="android.permission.POST_NOTIFICATIONS" />
42-->[:firebase_messaging] AndroidManifest.xml:13:5-77
42-->[:firebase_messaging] AndroidManifest.xml:13:22-74
43    <uses-permission android:name="android.permission.VIBRATE" /> <!-- Required by older versions of Google Play services to create IID tokens -->
43-->[:flutter_local_notifications] AndroidManifest.xml:9:5-66
43-->[:flutter_local_notifications] AndroidManifest.xml:9:22-63
44    <uses-permission android:name="com.google.android.c2dm.permission.RECEIVE" />
44-->[com.google.firebase:firebase-messaging:23.4.1] AndroidManifest.xml:26:5-82
44-->[com.google.firebase:firebase-messaging:23.4.1] AndroidManifest.xml:26:22-79
45
46    <uses-feature
46-->[com.google.android.gms:play-services-maps:18.2.0] AndroidManifest.xml:26:5-28:35
47        android:glEsVersion="0x00020000"
47-->[com.google.android.gms:play-services-maps:18.2.0] AndroidManifest.xml:27:9-41
48        android:required="true" />
48-->[com.google.android.gms:play-services-maps:18.2.0] AndroidManifest.xml:28:9-32
49
50    <permission
50-->[androidx.core:core:1.12.0] AndroidManifest.xml:22:5-24:47
51        android:name="com.example.mall_plus_new_customer_app.DYNAMIC_RECEIVER_NOT_EXPORTED_PERMISSION"
51-->[androidx.core:core:1.12.0] AndroidManifest.xml:23:9-81
52        android:protectionLevel="signature" />
52-->[androidx.core:core:1.12.0] AndroidManifest.xml:24:9-44
53
54    <uses-permission android:name="com.example.mall_plus_new_customer_app.DYNAMIC_RECEIVER_NOT_EXPORTED_PERMISSION" />
54-->[androidx.core:core:1.12.0] AndroidManifest.xml:26:5-97
54-->[androidx.core:core:1.12.0] AndroidManifest.xml:26:22-94
55    <uses-permission android:name="com.kbzbank.kpaycustomer.permission.inapp_payment" />
55-->[:kbzsdk_1.1.0:] AndroidManifest.xml:11:5-89
55-->[:kbzsdk_1.1.0:] AndroidManifest.xml:11:22-86
56
57    <application
58        android:name="android.app.Application"
59        android:appComponentFactory="androidx.core.app.CoreComponentFactory"
59-->[androidx.core:core:1.12.0] AndroidManifest.xml:28:18-86
60        android:debuggable="true"
61        android:icon="@mipmap/ic_launcher"
62        android:label="mall_plus_new_customer_app" >
63        <activity
64            android:name="com.example.mall_plus_new_customer_app.MainActivity"
65            android:configChanges="orientation|keyboardHidden|keyboard|screenSize|smallestScreenSize|locale|layoutDirection|fontScale|screenLayout|density|uiMode"
66            android:exported="true"
67            android:hardwareAccelerated="true"
68            android:launchMode="singleTop"
69            android:theme="@style/LaunchTheme"
70            android:windowSoftInputMode="adjustResize" >
71
72            <!--
73                 Specifies an Android theme to apply to this Activity as soon as
74                 the Android process has started. This theme is visible to the user
75                 while the Flutter UI initializes. After that, this theme continues
76                 to determine the Window background behind the Flutter UI.
77            -->
78            <meta-data
79                android:name="com.google.android.geo.API_KEY"
80                android:value="AIzaSyAS4B9Xkht7nJoEjkA9v8CeAlZ2xbon6eQ" />
81            <meta-data
82                android:name="io.flutter.embedding.android.NormalTheme"
83                android:resource="@style/NormalTheme" />
84
85            <intent-filter>
86                <action android:name="android.intent.action.MAIN" />
87
88                <category android:name="android.intent.category.LAUNCHER" />
89            </intent-filter>
90            <!-- If your app checks for call support -->
91
92        </activity>
93
94        <!--
95             Don't delete the meta-data below.
96             This is used by the Flutter tool to generate GeneratedPluginRegistrant.java
97        -->
98        <meta-data
99            android:name="flutterEmbedding"
100            android:value="2" />
101        <meta-data
102            android:name="com.google.android.geo.API_KEY"
103            android:value="AIzaSyAS4B9Xkht7nJoEjkA9v8CeAlZ2xbon6eQ" />
104
105        <service
105-->[:firebase_messaging] AndroidManifest.xml:16:9-19:72
106            android:name="io.flutter.plugins.firebase.messaging.FlutterFirebaseMessagingBackgroundService"
106-->[:firebase_messaging] AndroidManifest.xml:17:13-107
107            android:exported="false"
107-->[:firebase_messaging] AndroidManifest.xml:18:13-37
108            android:permission="android.permission.BIND_JOB_SERVICE" />
108-->[:firebase_messaging] AndroidManifest.xml:19:13-69
109        <service
109-->[:firebase_messaging] AndroidManifest.xml:20:9-26:19
110            android:name="io.flutter.plugins.firebase.messaging.FlutterFirebaseMessagingService"
110-->[:firebase_messaging] AndroidManifest.xml:21:13-97
111            android:exported="false" >
111-->[:firebase_messaging] AndroidManifest.xml:22:13-37
112            <intent-filter>
112-->[:firebase_messaging] AndroidManifest.xml:23:13-25:29
113                <action android:name="com.google.firebase.MESSAGING_EVENT" />
113-->[:firebase_messaging] AndroidManifest.xml:24:17-78
113-->[:firebase_messaging] AndroidManifest.xml:24:25-75
114            </intent-filter>
115        </service>
116
117        <receiver
117-->[:firebase_messaging] AndroidManifest.xml:28:9-35:20
118            android:name="io.flutter.plugins.firebase.messaging.FlutterFirebaseMessagingReceiver"
118-->[:firebase_messaging] AndroidManifest.xml:29:13-98
119            android:exported="true"
119-->[:firebase_messaging] AndroidManifest.xml:30:13-36
120            android:permission="com.google.android.c2dm.permission.SEND" >
120-->[:firebase_messaging] AndroidManifest.xml:31:13-73
121            <intent-filter>
121-->[:firebase_messaging] AndroidManifest.xml:32:13-34:29
122                <action android:name="com.google.android.c2dm.intent.RECEIVE" />
122-->[:firebase_messaging] AndroidManifest.xml:33:17-81
122-->[:firebase_messaging] AndroidManifest.xml:33:25-78
123            </intent-filter>
124        </receiver>
125
126        <service
126-->[:firebase_messaging] AndroidManifest.xml:37:9-41:19
127            android:name="com.google.firebase.components.ComponentDiscoveryService"
127-->[:firebase_messaging] AndroidManifest.xml:37:18-89
128            android:directBootAware="true"
128-->[com.google.firebase:firebase-common:20.4.2] AndroidManifest.xml:32:13-43
129            android:exported="false" >
129-->[com.google.firebase:firebase-messaging:23.4.1] AndroidManifest.xml:56:13-37
130            <meta-data
130-->[:firebase_messaging] AndroidManifest.xml:38:13-40:85
131                android:name="com.google.firebase.components:io.flutter.plugins.firebase.messaging.FlutterFirebaseAppRegistrar"
131-->[:firebase_messaging] AndroidManifest.xml:39:17-128
132                android:value="com.google.firebase.components.ComponentRegistrar" />
132-->[:firebase_messaging] AndroidManifest.xml:40:17-82
133            <meta-data
133-->[:firebase_core] AndroidManifest.xml:11:13-13:85
134                android:name="com.google.firebase.components:io.flutter.plugins.firebase.core.FlutterFirebaseCoreRegistrar"
134-->[:firebase_core] AndroidManifest.xml:12:17-124
135                android:value="com.google.firebase.components.ComponentRegistrar" />
135-->[:firebase_core] AndroidManifest.xml:13:17-82
136            <meta-data
136-->[com.google.firebase:firebase-messaging:23.4.1] AndroidManifest.xml:57:13-59:85
137                android:name="com.google.firebase.components:com.google.firebase.messaging.FirebaseMessagingKtxRegistrar"
137-->[com.google.firebase:firebase-messaging:23.4.1] AndroidManifest.xml:58:17-122
138                android:value="com.google.firebase.components.ComponentRegistrar" />
138-->[com.google.firebase:firebase-messaging:23.4.1] AndroidManifest.xml:59:17-82
139            <meta-data
139-->[com.google.firebase:firebase-messaging:23.4.1] AndroidManifest.xml:60:13-62:85
140                android:name="com.google.firebase.components:com.google.firebase.messaging.FirebaseMessagingRegistrar"
140-->[com.google.firebase:firebase-messaging:23.4.1] AndroidManifest.xml:61:17-119
141                android:value="com.google.firebase.components.ComponentRegistrar" />
141-->[com.google.firebase:firebase-messaging:23.4.1] AndroidManifest.xml:62:17-82
142            <meta-data
142-->[com.google.firebase:firebase-iid:21.1.0] AndroidManifest.xml:32:13-34:85
143                android:name="com.google.firebase.components:com.google.firebase.iid.Registrar"
143-->[com.google.firebase:firebase-iid:21.1.0] AndroidManifest.xml:33:17-96
144                android:value="com.google.firebase.components.ComponentRegistrar" />
144-->[com.google.firebase:firebase-iid:21.1.0] AndroidManifest.xml:34:17-82
145            <meta-data
145-->[com.google.firebase:firebase-installations:17.2.0] AndroidManifest.xml:15:13-17:85
146                android:name="com.google.firebase.components:com.google.firebase.installations.FirebaseInstallationsKtxRegistrar"
146-->[com.google.firebase:firebase-installations:17.2.0] AndroidManifest.xml:16:17-130
147                android:value="com.google.firebase.components.ComponentRegistrar" />
147-->[com.google.firebase:firebase-installations:17.2.0] AndroidManifest.xml:17:17-82
148            <meta-data
148-->[com.google.firebase:firebase-installations:17.2.0] AndroidManifest.xml:18:13-20:85
149                android:name="com.google.firebase.components:com.google.firebase.installations.FirebaseInstallationsRegistrar"
149-->[com.google.firebase:firebase-installations:17.2.0] AndroidManifest.xml:19:17-127
150                android:value="com.google.firebase.components.ComponentRegistrar" />
150-->[com.google.firebase:firebase-installations:17.2.0] AndroidManifest.xml:20:17-82
151            <meta-data
151-->[com.google.firebase:firebase-common-ktx:20.4.2] AndroidManifest.xml:12:13-14:85
152                android:name="com.google.firebase.components:com.google.firebase.ktx.FirebaseCommonLegacyRegistrar"
152-->[com.google.firebase:firebase-common-ktx:20.4.2] AndroidManifest.xml:13:17-116
153                android:value="com.google.firebase.components.ComponentRegistrar" />
153-->[com.google.firebase:firebase-common-ktx:20.4.2] AndroidManifest.xml:14:17-82
154            <meta-data
154-->[com.google.firebase:firebase-common:20.4.2] AndroidManifest.xml:35:13-37:85
155                android:name="com.google.firebase.components:com.google.firebase.FirebaseCommonKtxRegistrar"
155-->[com.google.firebase:firebase-common:20.4.2] AndroidManifest.xml:36:17-109
156                android:value="com.google.firebase.components.ComponentRegistrar" />
156-->[com.google.firebase:firebase-common:20.4.2] AndroidManifest.xml:37:17-82
157            <meta-data
157-->[com.google.firebase:firebase-datatransport:18.1.7] AndroidManifest.xml:27:13-29:85
158                android:name="com.google.firebase.components:com.google.firebase.datatransport.TransportRegistrar"
158-->[com.google.firebase:firebase-datatransport:18.1.7] AndroidManifest.xml:28:17-115
159                android:value="com.google.firebase.components.ComponentRegistrar" />
159-->[com.google.firebase:firebase-datatransport:18.1.7] AndroidManifest.xml:29:17-82
160        </service>
161
162        <provider
162-->[:firebase_messaging] AndroidManifest.xml:43:9-47:38
163            android:name="io.flutter.plugins.firebase.messaging.FlutterFirebaseMessagingInitProvider"
163-->[:firebase_messaging] AndroidManifest.xml:44:13-102
164            android:authorities="com.example.mall_plus_new_customer_app.flutterfirebasemessaginginitprovider"
164-->[:firebase_messaging] AndroidManifest.xml:45:13-88
165            android:exported="false"
165-->[:firebase_messaging] AndroidManifest.xml:46:13-37
166            android:initOrder="99" />
166-->[:firebase_messaging] AndroidManifest.xml:47:13-35
167
168        <service
168-->[:geolocator_android] AndroidManifest.xml:10:9-14:56
169            android:name="com.baseflow.geolocator.GeolocatorLocationService"
169-->[:geolocator_android] AndroidManifest.xml:11:13-77
170            android:enabled="true"
170-->[:geolocator_android] AndroidManifest.xml:12:13-35
171            android:exported="false"
171-->[:geolocator_android] AndroidManifest.xml:13:13-37
172            android:foregroundServiceType="location" />
172-->[:geolocator_android] AndroidManifest.xml:14:13-53
173
174        <activity
174-->[:flutter_kpay_kit] AndroidManifest.xml:10:9-13:75
175            android:name="com.kbzbank.payment.sdk.callback.CallbackResultActivity"
175-->[:flutter_kpay_kit] AndroidManifest.xml:11:13-83
176            android:exported="true"
176-->[:flutter_kpay_kit] AndroidManifest.xml:12:13-36
177            android:theme="@android:style/Theme.Translucent.NoTitleBar" />
177-->[:flutter_kpay_kit] AndroidManifest.xml:13:13-72
178        <activity
178-->[:url_launcher_android] AndroidManifest.xml:10:9-13:74
179            android:name="io.flutter.plugins.urllauncher.WebViewActivity"
179-->[:url_launcher_android] AndroidManifest.xml:11:13-74
180            android:exported="false"
180-->[:url_launcher_android] AndroidManifest.xml:12:13-37
181            android:theme="@android:style/Theme.NoTitleBar.Fullscreen" />
181-->[:url_launcher_android] AndroidManifest.xml:13:13-71
182
183        <receiver
183-->[com.google.firebase:firebase-messaging:23.4.1] AndroidManifest.xml:29:9-40:20
184            android:name="com.google.firebase.iid.FirebaseInstanceIdReceiver"
184-->[com.google.firebase:firebase-messaging:23.4.1] AndroidManifest.xml:30:13-78
185            android:exported="true"
185-->[com.google.firebase:firebase-messaging:23.4.1] AndroidManifest.xml:31:13-36
186            android:permission="com.google.android.c2dm.permission.SEND" >
186-->[com.google.firebase:firebase-messaging:23.4.1] AndroidManifest.xml:32:13-73
187            <intent-filter>
187-->[:firebase_messaging] AndroidManifest.xml:32:13-34:29
188                <action android:name="com.google.android.c2dm.intent.RECEIVE" />
188-->[:firebase_messaging] AndroidManifest.xml:33:17-81
188-->[:firebase_messaging] AndroidManifest.xml:33:25-78
189            </intent-filter>
190
191            <meta-data
191-->[com.google.firebase:firebase-messaging:23.4.1] AndroidManifest.xml:37:13-39:40
192                android:name="com.google.android.gms.cloudmessaging.FINISHED_AFTER_HANDLED"
192-->[com.google.firebase:firebase-messaging:23.4.1] AndroidManifest.xml:38:17-92
193                android:value="true" />
193-->[com.google.firebase:firebase-messaging:23.4.1] AndroidManifest.xml:39:17-37
194        </receiver>
195        <!--
196             FirebaseMessagingService performs security checks at runtime,
197             but set to not exported to explicitly avoid allowing another app to call it.
198        -->
199        <service
199-->[com.google.firebase:firebase-messaging:23.4.1] AndroidManifest.xml:46:9-53:19
200            android:name="com.google.firebase.messaging.FirebaseMessagingService"
200-->[com.google.firebase:firebase-messaging:23.4.1] AndroidManifest.xml:47:13-82
201            android:directBootAware="true"
201-->[com.google.firebase:firebase-messaging:23.4.1] AndroidManifest.xml:48:13-43
202            android:exported="false" >
202-->[com.google.firebase:firebase-messaging:23.4.1] AndroidManifest.xml:49:13-37
203            <intent-filter android:priority="-500" >
203-->[:firebase_messaging] AndroidManifest.xml:23:13-25:29
204                <action android:name="com.google.firebase.MESSAGING_EVENT" />
204-->[:firebase_messaging] AndroidManifest.xml:24:17-78
204-->[:firebase_messaging] AndroidManifest.xml:24:25-75
205            </intent-filter>
206        </service>
207
208        <provider
208-->[com.google.firebase:firebase-common:20.4.2] AndroidManifest.xml:23:9-28:39
209            android:name="com.google.firebase.provider.FirebaseInitProvider"
209-->[com.google.firebase:firebase-common:20.4.2] AndroidManifest.xml:24:13-77
210            android:authorities="com.example.mall_plus_new_customer_app.firebaseinitprovider"
210-->[com.google.firebase:firebase-common:20.4.2] AndroidManifest.xml:25:13-72
211            android:directBootAware="true"
211-->[com.google.firebase:firebase-common:20.4.2] AndroidManifest.xml:26:13-43
212            android:exported="false"
212-->[com.google.firebase:firebase-common:20.4.2] AndroidManifest.xml:27:13-37
213            android:initOrder="100" />
213-->[com.google.firebase:firebase-common:20.4.2] AndroidManifest.xml:28:13-36
214
215        <uses-library
215-->[androidx.window:window:1.0.0-beta04] AndroidManifest.xml:25:9-27:40
216            android:name="androidx.window.extensions"
216-->[androidx.window:window:1.0.0-beta04] AndroidManifest.xml:26:13-54
217            android:required="false" />
217-->[androidx.window:window:1.0.0-beta04] AndroidManifest.xml:27:13-37
218        <uses-library
218-->[androidx.window:window:1.0.0-beta04] AndroidManifest.xml:28:9-30:40
219            android:name="androidx.window.sidecar"
219-->[androidx.window:window:1.0.0-beta04] AndroidManifest.xml:29:13-51
220            android:required="false" /> <!-- Needs to be explicitly declared on P+ -->
220-->[androidx.window:window:1.0.0-beta04] AndroidManifest.xml:30:13-37
221        <uses-library
221-->[com.google.android.gms:play-services-maps:18.2.0] AndroidManifest.xml:39:9-41:40
222            android:name="org.apache.http.legacy"
222-->[com.google.android.gms:play-services-maps:18.2.0] AndroidManifest.xml:40:13-50
223            android:required="false" />
223-->[com.google.android.gms:play-services-maps:18.2.0] AndroidManifest.xml:41:13-37
224
225        <activity
225-->[com.google.android.gms:play-services-base:18.1.0] AndroidManifest.xml:20:9-22:45
226            android:name="com.google.android.gms.common.api.GoogleApiActivity"
226-->[com.google.android.gms:play-services-base:18.1.0] AndroidManifest.xml:20:19-85
227            android:exported="false"
227-->[com.google.android.gms:play-services-base:18.1.0] AndroidManifest.xml:22:19-43
228            android:theme="@android:style/Theme.Translucent.NoTitleBar" />
228-->[com.google.android.gms:play-services-base:18.1.0] AndroidManifest.xml:21:19-78
229
230        <meta-data
230-->[com.google.android.gms:play-services-basement:18.1.0] AndroidManifest.xml:21:9-23:69
231            android:name="com.google.android.gms.version"
231-->[com.google.android.gms:play-services-basement:18.1.0] AndroidManifest.xml:22:13-58
232            android:value="@integer/google_play_services_version" />
232-->[com.google.android.gms:play-services-basement:18.1.0] AndroidManifest.xml:23:13-66
233
234        <service
234-->[com.google.android.datatransport:transport-backend-cct:3.1.8] AndroidManifest.xml:28:9-34:19
235            android:name="com.google.android.datatransport.runtime.backends.TransportBackendDiscovery"
235-->[com.google.android.datatransport:transport-backend-cct:3.1.8] AndroidManifest.xml:29:13-103
236            android:exported="false" >
236-->[com.google.android.datatransport:transport-backend-cct:3.1.8] AndroidManifest.xml:30:13-37
237            <meta-data
237-->[com.google.android.datatransport:transport-backend-cct:3.1.8] AndroidManifest.xml:31:13-33:39
238                android:name="backend:com.google.android.datatransport.cct.CctBackendFactory"
238-->[com.google.android.datatransport:transport-backend-cct:3.1.8] AndroidManifest.xml:32:17-94
239                android:value="cct" />
239-->[com.google.android.datatransport:transport-backend-cct:3.1.8] AndroidManifest.xml:33:17-36
240        </service>
241        <service
241-->[com.google.android.datatransport:transport-runtime:3.1.8] AndroidManifest.xml:26:9-30:19
242            android:name="com.google.android.datatransport.runtime.scheduling.jobscheduling.JobInfoSchedulerService"
242-->[com.google.android.datatransport:transport-runtime:3.1.8] AndroidManifest.xml:27:13-117
243            android:exported="false"
243-->[com.google.android.datatransport:transport-runtime:3.1.8] AndroidManifest.xml:28:13-37
244            android:permission="android.permission.BIND_JOB_SERVICE" >
244-->[com.google.android.datatransport:transport-runtime:3.1.8] AndroidManifest.xml:29:13-69
245        </service>
246
247        <receiver
247-->[com.google.android.datatransport:transport-runtime:3.1.8] AndroidManifest.xml:32:9-34:40
248            android:name="com.google.android.datatransport.runtime.scheduling.jobscheduling.AlarmManagerSchedulerBroadcastReceiver"
248-->[com.google.android.datatransport:transport-runtime:3.1.8] AndroidManifest.xml:33:13-132
249            android:exported="false" />
249-->[com.google.android.datatransport:transport-runtime:3.1.8] AndroidManifest.xml:34:13-37
250    </application>
251
252</manifest>